2024-10-05 13:11:46,988 [INFO] Activator:176 - 


2024-10-05 13:11:46,990 [INFO] Activator:177 - !SESSION log4j initialized
2024-10-05 13:11:49,426 [INFO] LogOutputStream:77 - [STDOUT_REDIRECT] 
2024-10-05 13:11:51,451 [INFO] ApplicationProperties:184 - Using Application install path: D:\App\ST\STM32CubeIDE_1.16.0\STM32CubeIDE\plugins\com.st.stm32cube.common.mx_6.12.1.202409122256
2024-10-05 13:11:51,465 [INFO] DbMcusXml:78 - Set database path to: D:\App\ST\STM32CubeIDE_1.16.0\STM32CubeIDE\plugins\com.st.stm32cube.common.mx_6.12.1.202409122256\\db\/mcu/
2024-10-05 13:11:51,465 [INFO] ApiDb:274 - Set plugin database path to: D:\App\ST\STM32CubeIDE_1.16.0\STM32CubeIDE\plugins\com.st.stm32cube.common.mx_6.12.1.202409122256\\db\/plugins/boardmanager/
2024-10-05 13:11:51,465 [WARN] ApiDb:259 - Overriding images path with different value:  => D:\App\ST\STM32CubeIDE_1.16.0\STM32CubeIDE\plugins\com.st.stm32cube.common.mx_6.12.1.202409122256\\db\/plugins/mcufinder/images/
2024-10-05 13:11:51,477 [INFO] ApiDb:250 - Set database path to: C:\Users\Shin\.stmcufinder\plugins\mcufinder//mcu/
2024-10-05 13:11:51,478 [INFO] DbMcusAds:125 - Set database path to: C:\Users\Shin\.stmcufinder\plugins\mcufinder//mcu/
2024-10-05 13:11:51,480 [INFO] CrossReferenceDbSqlite:203 - Set database path to: C:\Users\Shin\.stmcufinder\plugins\mcufinder//mcu/cs/
2024-10-05 13:11:51,557 [INFO] RulesReader:64 - Compatibility file has been processed (297 Rules)
2024-10-05 13:11:51,626 [INFO] DbMcusXml:78 - Set database path to: D:\App\ST\STM32CubeIDE_1.16.0\STM32CubeIDE\plugins\com.st.stm32cube.common.mx_6.12.1.202409122256\\db\/mcu/
2024-10-05 13:11:51,626 [INFO] ApiDb:274 - Set plugin database path to: D:\App\ST\STM32CubeIDE_1.16.0\STM32CubeIDE\plugins\com.st.stm32cube.common.mx_6.12.1.202409122256\\db\/plugins/boardmanager/
2024-10-05 13:11:51,626 [INFO] ApiDb:261 - Set plugin images path to: D:\App\ST\STM32CubeIDE_1.16.0\STM32CubeIDE\plugins\com.st.stm32cube.common.mx_6.12.1.202409122256\\db\/plugins/mcufinder/images/
2024-10-05 13:11:51,626 [WARN] DbFile:41 - Overriding database path with different value: C:\Users\Shin\.stmcufinder\plugins\mcufinder/ => C:\Users\Shin\.stmcufinder\plugins\mcufinder
2024-10-05 13:11:51,626 [INFO] ApiDb:250 - Set database path to: C:\Users\Shin\.stmcufinder\plugins\mcufinder//mcu/
2024-10-05 13:11:51,627 [WARN] DbFile:41 - Overriding database path with different value: C:\Users\Shin\.stmcufinder\plugins\mcufinder/ => C:\Users\Shin\.stmcufinder\plugins\mcufinder
2024-10-05 13:11:51,627 [INFO] DbMcusAds:125 - Set database path to: C:\Users\Shin\.stmcufinder\plugins\mcufinder//mcu/
2024-10-05 13:11:51,627 [WARN] DbFile:41 - Overriding database path with different value: C:\Users\Shin\.stmcufinder\plugins\mcufinder/ => C:\Users\Shin\.stmcufinder\plugins\mcufinder
2024-10-05 13:11:51,627 [WARN] DbFile:41 - Overriding database path with different value: C:\Users\Shin\.stmcufinder\plugins\mcufinder/ => C:\Users\Shin\.stmcufinder\plugins\mcufinder
2024-10-05 13:11:51,627 [INFO] CrossReferenceDbSqlite:203 - Set database path to: C:\Users\Shin\.stmcufinder\plugins\mcufinder//mcu/cs/
2024-10-05 13:11:51,696 [INFO] MainPanel:268 - HeapMemory: 268435456
2024-10-05 13:11:51,852 [INFO] DbMcusXml:78 - Set database path to: D:\App\ST\STM32CubeIDE_1.16.0\STM32CubeIDE\plugins\com.st.stm32cube.common.mx_6.12.1.202409122256\\db\/mcu/
2024-10-05 13:11:51,852 [INFO] ApiDb:274 - Set plugin database path to: D:\App\ST\STM32CubeIDE_1.16.0\STM32CubeIDE\plugins\com.st.stm32cube.common.mx_6.12.1.202409122256\\db\/plugins/boardmanager/
2024-10-05 13:11:51,852 [INFO] ApiDb:261 - Set plugin images path to: D:\App\ST\STM32CubeIDE_1.16.0\STM32CubeIDE\plugins\com.st.stm32cube.common.mx_6.12.1.202409122256\\db\/plugins/mcufinder/images/
2024-10-05 13:11:51,853 [WARN] DbFile:41 - Overriding database path with different value: C:\Users\Shin\.stmcufinder\plugins\mcufinder/ => C:\Users\Shin\.stmcufinder\plugins\mcufinder
2024-10-05 13:11:51,853 [INFO] ApiDb:250 - Set database path to: C:\Users\Shin\.stmcufinder\plugins\mcufinder//mcu/
2024-10-05 13:11:51,853 [WARN] DbFile:41 - Overriding database path with different value: C:\Users\Shin\.stmcufinder\plugins\mcufinder/ => C:\Users\Shin\.stmcufinder\plugins\mcufinder
2024-10-05 13:11:51,853 [INFO] DbMcusAds:125 - Set database path to: C:\Users\Shin\.stmcufinder\plugins\mcufinder//mcu/
2024-10-05 13:11:51,853 [WARN] DbFile:41 - Overriding database path with different value: C:\Users\Shin\.stmcufinder\plugins\mcufinder/ => C:\Users\Shin\.stmcufinder\plugins\mcufinder
2024-10-05 13:11:51,853 [WARN] DbFile:41 - Overriding database path with different value: C:\Users\Shin\.stmcufinder\plugins\mcufinder/ => C:\Users\Shin\.stmcufinder\plugins\mcufinder
2024-10-05 13:11:51,853 [INFO] CrossReferenceDbSqlite:203 - Set database path to: C:\Users\Shin\.stmcufinder\plugins\mcufinder//mcu/cs/
2024-10-05 13:11:51,866 [INFO] ApplicationProperties:184 - Using Application install path: D:\App\ST\STM32CubeIDE_1.16.0\STM32CubeIDE\plugins\com.st.stm32cube.common.mx_6.12.1.202409122256
2024-10-05 13:11:51,868 [INFO] PluginManage:196 - Search for loadable plugins [exclusion list=, ]
2024-10-05 13:11:51,869 [INFO] PluginManage:310 - Check plugin analytics
2024-10-05 13:11:52,016 [INFO] AnalyticsPlugin:253 - Accepted Software Licenses: 
2024-10-05 13:11:52,016 [INFO] AnalyticsPlugin:255 - Accepted CMSIS Pack Licenses: 
2024-10-05 13:11:52,016 [INFO] AnalyticsPlugin:257 - Accepted Firmware Licenses: 
2024-10-05 13:11:52,019 [INFO] PluginManage:359 - Loaded plugin analytics (category:tool,tabindex:-1)
2024-10-05 13:11:52,020 [INFO] PluginManage:310 - Check plugin cadmodel
2024-10-05 13:11:52,034 [INFO] CADModel:105 - Init CAD model plugin
2024-10-05 13:11:52,035 [INFO] PluginManage:359 - Loaded plugin cadmodel (category:power,tabindex:5)
2024-10-05 13:11:52,035 [INFO] PluginManage:310 - Check plugin clock
2024-10-05 13:11:52,054 [INFO] PluginManage:359 - Loaded plugin clock (category:base,tabindex:2)
2024-10-05 13:11:52,054 [INFO] PluginManage:310 - Check plugin ddr
2024-10-05 13:11:52,057 [INFO] PluginManage:359 - Loaded plugin ddr (category:tool,tabindex:6)
2024-10-05 13:11:52,057 [INFO] PluginManage:310 - Check plugin filemanager
2024-10-05 13:11:52,187 [INFO] PluginManage:359 - Loaded plugin filemanager (category:base,tabindex:10)
2024-10-05 13:11:52,187 [INFO] PluginManage:310 - Check plugin ipmanager
2024-10-05 13:11:52,194 [INFO] PluginManage:359 - Loaded plugin ipmanager (category:base,tabindex:5)
2024-10-05 13:11:52,194 [INFO] PluginManage:310 - Check plugin lpbam
2024-10-05 13:11:52,211 [INFO] PluginManage:359 - Loaded plugin lpbam (category:base,tabindex:0)
2024-10-05 13:11:52,211 [INFO] PluginManage:310 - Check plugin memorymap
2024-10-05 13:11:52,247 [INFO] PluginManage:359 - Loaded plugin memorymap (category:base,tabindex:4)
2024-10-05 13:11:52,248 [INFO] PluginManage:310 - Check plugin pinoutandconfiguration
2024-10-05 13:11:52,269 [INFO] PluginManage:359 - Loaded plugin pinoutandconfiguration (category:base,tabindex:1)
2024-10-05 13:11:52,270 [INFO] PluginManage:310 - Check plugin pinoutconfig
2024-10-05 13:11:52,347 [WARN] SupportedApi:132 - Cannot load RTOS API schema: s4s-elt-must-match.1: The content of 'definitions' must match (annotation?, (simpleType | complexType)?, (unique | key | keyref)*)). A problem was found starting at: attribute.
2024-10-05 13:11:52,440 [INFO] PluginManage:359 - Loaded plugin pinoutconfig (category:base,tabindex:0)
2024-10-05 13:11:52,440 [INFO] PluginManage:310 - Check plugin power
2024-10-05 13:11:52,458 [INFO] PluginManage:359 - Loaded plugin power (category:power,tabindex:4)
2024-10-05 13:11:52,458 [INFO] PluginManage:310 - Check plugin projectmanager
2024-10-05 13:11:52,471 [INFO] PluginManage:359 - Loaded plugin projectmanager (category:projectmanager,tabindex:4)
2024-10-05 13:11:52,471 [INFO] PluginManage:310 - Check plugin rif
2024-10-05 13:11:52,488 [INFO] PluginManage:359 - Loaded plugin rif (category:base,tabindex:3)
2024-10-05 13:11:52,489 [INFO] PluginManage:310 - Check plugin thirdparty
2024-10-05 13:11:52,699 [INFO] PluginManage:359 - Loaded plugin thirdparty (category:base,tabindex:-1)
2024-10-05 13:11:52,699 [WARN] IntegrityCheckThread:84 - waiting for thirdparty lock release [integrity check]
2024-10-05 13:11:52,699 [INFO] PluginManage:310 - Check plugin tools
2024-10-05 13:11:52,699 [INFO] IntegrityCheckThread:86 - entering critical section [integrity check]
2024-10-05 13:11:52,700 [INFO] ThirdPartyUpdaterWithRetryManager:70 - Updater plugin not ready yet. [1/15]
2024-10-05 13:11:52,725 [INFO] PluginManage:359 - Loaded plugin tools (category:base,tabindex:7)
2024-10-05 13:11:52,725 [INFO] PluginManage:310 - Check plugin tutovideos
2024-10-05 13:11:52,878 [INFO] PluginManage:359 - Loaded plugin tutovideos (category:base,tabindex:-1)
2024-10-05 13:11:52,879 [INFO] PluginManage:310 - Check plugin updater
2024-10-05 13:11:52,893 [INFO] PluginManage:359 - Loaded plugin updater (category:base,tabindex:12)
2024-10-05 13:11:52,893 [INFO] PluginManage:310 - Check plugin userauth
2024-10-05 13:11:52,898 [INFO] UserAuth:113 - Init User Auth plugin
2024-10-05 13:11:52,898 [INFO] PluginManage:359 - Loaded plugin userauth (category:base,tabindex:14)
2024-10-05 13:11:52,899 [INFO] PluginManage:283 - PluginManage : Loaded plugins [18]
2024-10-05 13:11:53,054 [INFO] PinOutPanel:1561 - setPackage(No Configuration,No Configuration)
2024-10-05 13:11:53,126 [INFO] CADModel:165 - CPN selected for project level
2024-10-05 13:11:53,127 [INFO] CADModel:114 - Register for checkConnection events
2024-10-05 13:11:53,149 [INFO] IPUIPlugin:80 - create IPUIPlugin
2024-10-05 13:11:53,149 [INFO] PluginManager:220 - loadIPPluginJar : add adc
2024-10-05 13:11:53,175 [INFO] IPUIPlugin:80 - create IPUIPlugin
2024-10-05 13:11:53,175 [INFO] PluginManager:220 - loadIPPluginJar : add aes
2024-10-05 13:11:53,204 [INFO] IPUIPlugin:80 - create IPUIPlugin
2024-10-05 13:11:53,204 [INFO] PluginManager:220 - loadIPPluginJar : add can
2024-10-05 13:11:53,220 [INFO] IPUIPlugin:80 - create IPUIPlugin
2024-10-05 13:11:53,221 [INFO] PluginManager:220 - loadIPPluginJar : add comp
2024-10-05 13:11:53,242 [INFO] IPUIPlugin:80 - create IPUIPlugin
2024-10-05 13:11:53,242 [INFO] PluginManager:220 - loadIPPluginJar : add cryp
2024-10-05 13:11:53,253 [INFO] IPUIPlugin:80 - create IPUIPlugin
2024-10-05 13:11:53,254 [INFO] PluginManager:220 - loadIPPluginJar : add ddr_ctrl_phy
2024-10-05 13:11:53,280 [INFO] IPUIPlugin:80 - create IPUIPlugin
2024-10-05 13:11:53,280 [INFO] PluginManager:220 - loadIPPluginJar : add dfsdm
2024-10-05 13:11:53,294 [INFO] IPUIPlugin:80 - create IPUIPlugin
2024-10-05 13:11:53,294 [INFO] PluginManager:220 - loadIPPluginJar : add dma
2024-10-05 13:11:53,333 [INFO] IPUIPlugin:80 - create IPUIPlugin
2024-10-05 13:11:53,333 [INFO] PluginManager:220 - loadIPPluginJar : add dma3
2024-10-05 13:11:53,372 [INFO] IPUIPlugin:80 - create IPUIPlugin
2024-10-05 13:11:53,373 [INFO] PluginManager:220 - loadIPPluginJar : add extmemmanager
2024-10-05 13:11:53,389 [INFO] IPUIPlugin:80 - create IPUIPlugin
2024-10-05 13:11:53,389 [INFO] PluginManager:220 - loadIPPluginJar : add fatfs
2024-10-05 13:11:53,424 [INFO] IPUIPlugin:80 - create IPUIPlugin
2024-10-05 13:11:53,424 [INFO] PluginManager:220 - loadIPPluginJar : add fmc
2024-10-05 13:11:53,440 [INFO] IPUIPlugin:80 - create IPUIPlugin
2024-10-05 13:11:53,441 [INFO] PluginManager:220 - loadIPPluginJar : add freertos
2024-10-05 13:11:53,462 [INFO] IPUIPlugin:80 - create IPUIPlugin
2024-10-05 13:11:53,462 [INFO] PluginManager:220 - loadIPPluginJar : add genericplugin
2024-10-05 13:11:53,530 [INFO] IPUIPlugin:80 - create IPUIPlugin
2024-10-05 13:11:53,531 [INFO] PluginManager:220 - loadIPPluginJar : add gfxmmu
2024-10-05 13:11:53,626 [INFO] IPUIPlugin:80 - create IPUIPlugin
2024-10-05 13:11:53,626 [INFO] PluginManager:220 - loadIPPluginJar : add gic
2024-10-05 13:11:53,640 [INFO] IPUIPlugin:80 - create IPUIPlugin
2024-10-05 13:11:53,641 [INFO] PluginManager:220 - loadIPPluginJar : add gpio
2024-10-05 13:11:53,711 [INFO] IPUIPlugin:80 - create IPUIPlugin
2024-10-05 13:11:53,711 [INFO] PluginManager:220 - loadIPPluginJar : add gtzc
2024-10-05 13:11:53,732 [INFO] IPUIPlugin:80 - create IPUIPlugin
2024-10-05 13:11:53,732 [INFO] PluginManager:220 - loadIPPluginJar : add hash
2024-10-05 13:11:53,767 [INFO] IPUIPlugin:80 - create IPUIPlugin
2024-10-05 13:11:53,767 [INFO] PluginManager:220 - loadIPPluginJar : add i2c
2024-10-05 13:11:53,797 [INFO] IPUIPlugin:80 - create IPUIPlugin
2024-10-05 13:11:53,798 [INFO] PluginManager:220 - loadIPPluginJar : add i2s
2024-10-05 13:11:53,833 [INFO] IPUIPlugin:80 - create IPUIPlugin
2024-10-05 13:11:53,833 [INFO] PluginManager:220 - loadIPPluginJar : add i3c
2024-10-05 13:11:53,913 [INFO] IPUIPlugin:80 - create IPUIPlugin
2024-10-05 13:11:53,913 [INFO] PluginManager:220 - loadIPPluginJar : add ipddr
2024-10-05 13:11:53,980 [INFO] IPUIPlugin:80 - create IPUIPlugin
2024-10-05 13:11:53,981 [INFO] PluginManager:220 - loadIPPluginJar : add linkedlist
2024-10-05 13:11:54,006 [INFO] IPUIPlugin:80 - create IPUIPlugin
2024-10-05 13:11:54,007 [INFO] PluginManager:220 - loadIPPluginJar : add lorawan
2024-10-05 13:11:54,034 [INFO] IPUIPlugin:80 - create IPUIPlugin
2024-10-05 13:11:54,034 [INFO] PluginManager:220 - loadIPPluginJar : add ltdc
2024-10-05 13:11:54,048 [INFO] IPUIPlugin:80 - create IPUIPlugin
2024-10-05 13:11:54,048 [INFO] PluginManager:220 - loadIPPluginJar : add mdma
2024-10-05 13:11:54,057 [INFO] IPUIPlugin:80 - create IPUIPlugin
2024-10-05 13:11:54,057 [INFO] PluginManager:220 - loadIPPluginJar : add nvic
2024-10-05 13:11:54,085 [INFO] IPUIPlugin:80 - create IPUIPlugin
2024-10-05 13:11:54,085 [INFO] PluginManager:220 - loadIPPluginJar : add opamp
2024-10-05 13:11:54,127 [INFO] IPUIPlugin:80 - create IPUIPlugin
2024-10-05 13:11:54,127 [INFO] PluginManager:220 - loadIPPluginJar : add openamp
2024-10-05 13:11:54,158 [INFO] IPUIPlugin:80 - create IPUIPlugin
2024-10-05 13:11:54,158 [INFO] PluginManager:220 - loadIPPluginJar : add pdm2pcm
2024-10-05 13:11:54,170 [INFO] IPUIPlugin:80 - create IPUIPlugin
2024-10-05 13:11:54,171 [INFO] PluginManager:220 - loadIPPluginJar : add plateformsettings
2024-10-05 13:11:54,188 [INFO] IPUIPlugin:80 - create IPUIPlugin
2024-10-05 13:11:54,188 [INFO] PluginManager:220 - loadIPPluginJar : add quadspi
2024-10-05 13:11:54,207 [INFO] IPUIPlugin:80 - create IPUIPlugin
2024-10-05 13:11:54,209 [INFO] PluginManager:220 - loadIPPluginJar : add radio
2024-10-05 13:11:54,223 [INFO] IPUIPlugin:80 - create IPUIPlugin
2024-10-05 13:11:54,223 [INFO] PluginManager:220 - loadIPPluginJar : add resmgrutility
2024-10-05 13:11:54,262 [INFO] IPUIPlugin:80 - create IPUIPlugin
2024-10-05 13:11:54,262 [INFO] PluginManager:220 - loadIPPluginJar : add sai
2024-10-05 13:11:54,288 [INFO] IPUIPlugin:80 - create IPUIPlugin
2024-10-05 13:11:54,288 [INFO] PluginManager:220 - loadIPPluginJar : add spi
2024-10-05 13:11:54,339 [INFO] IPUIPlugin:80 - create IPUIPlugin
2024-10-05 13:11:54,339 [INFO] PluginManager:220 - loadIPPluginJar : add stm32_wpan
2024-10-05 13:11:54,356 [INFO] IPUIPlugin:80 - create IPUIPlugin
2024-10-05 13:11:54,357 [INFO] PluginManager:220 - loadIPPluginJar : add tim
2024-10-05 13:11:54,397 [INFO] IPUIPlugin:80 - create IPUIPlugin
2024-10-05 13:11:54,397 [INFO] PluginManager:220 - loadIPPluginJar : add touchsensing
2024-10-05 13:11:54,414 [INFO] IPUIPlugin:80 - create IPUIPlugin
2024-10-05 13:11:54,414 [INFO] PluginManager:220 - loadIPPluginJar : add tracer_emb
2024-10-05 13:11:54,430 [INFO] IPUIPlugin:80 - create IPUIPlugin
2024-10-05 13:11:54,430 [INFO] PluginManager:220 - loadIPPluginJar : add ts
2024-10-05 13:11:54,446 [INFO] IPUIPlugin:80 - create IPUIPlugin
2024-10-05 13:11:54,446 [INFO] PluginManager:220 - loadIPPluginJar : add tsc
2024-10-05 13:11:54,462 [INFO] IPUIPlugin:80 - create IPUIPlugin
2024-10-05 13:11:54,462 [INFO] PluginManager:220 - loadIPPluginJar : add ucpd
2024-10-05 13:11:54,493 [INFO] IPUIPlugin:80 - create IPUIPlugin
2024-10-05 13:11:54,493 [INFO] PluginManager:220 - loadIPPluginJar : add usart
2024-10-05 13:11:54,526 [INFO] IPUIPlugin:80 - create IPUIPlugin
2024-10-05 13:11:54,526 [INFO] PluginManager:220 - loadIPPluginJar : add usbx
2024-10-05 13:11:54,633 [INFO] CADModel:165 - CPN selected for project level
2024-10-05 13:11:54,633 [INFO] CADModel:114 - Register for checkConnection events
2024-10-05 13:11:54,633 [FATAL] Updater:334 - Updater called before beeing initialized
2024-10-05 13:11:54,633 [ERROR] CADModel:125 - Updater not yet initialized, retry later 
2024-10-05 13:11:54,740 [INFO] CADModel:165 - CPN selected for project level
2024-10-05 13:11:54,740 [INFO] CADModel:114 - Register for checkConnection events
2024-10-05 13:11:54,740 [FATAL] Updater:334 - Updater called before beeing initialized
2024-10-05 13:11:54,740 [ERROR] CADModel:125 - Updater not yet initialized, retry later 
2024-10-05 13:11:54,743 [FATAL] Updater:334 - Updater called before beeing initialized
2024-10-05 13:11:54,813 [FATAL] Updater:334 - Updater called before beeing initialized
2024-10-05 13:11:54,822 [INFO] DbMcusAds:53 - JSON generation date=Fri Sep 20 20:04:23 ICT 2024 (1726837463113)
2024-10-05 13:11:54,822 [FATAL] Updater:334 - Updater called before beeing initialized
2024-10-05 13:11:54,890 [WARN] DetailPanel:346 - Failed to get advertising image, set to default
2024-10-05 13:11:54,946 [FATAL] Updater:334 - Updater called before beeing initialized
2024-10-05 13:11:54,948 [FATAL] Updater:334 - Updater called before beeing initialized
2024-10-05 13:11:54,948 [FATAL] Updater:334 - Updater called before beeing initialized
2024-10-05 13:11:54,948 [WARN] DetailPanel:346 - Failed to get advertising image, set to default
2024-10-05 13:11:54,948 [FATAL] Updater:334 - Updater called before beeing initialized
2024-10-05 13:11:55,004 [ERROR] Updater:1164 - MainUpdater not yet initialized. External WinMGr cannot be set.
2024-10-05 13:11:55,013 [INFO] Updater:1100 - Updater Version found : 6.12.1
2024-10-05 13:11:55,031 [INFO] ApplicationProperties:184 - Using Application install path: D:\App\ST\STM32CubeIDE_1.16.0\STM32CubeIDE\plugins\com.st.stm32cube.common.mx_6.12.1.202409122256
2024-10-05 13:11:55,701 [INFO] ThirdPartyUpdaterWithRetryManager:70 - Updater plugin not ready yet. [2/15]
2024-10-05 13:11:56,608 [ERROR] LogOutputStream:75 - [STDERR_REDIRECT] Oct 05, 2024 1:11:56 PM java.util.prefs.WindowsPreferences <init>
2024-10-05 13:11:56,609 [ERROR] LogOutputStream:75 - [STDERR_REDIRECT] WARNING: Could not open/create prefs root node Software\JavaSoft\Prefs at root 0xffffffff80000002. Windows RegCreateKeyEx(...) returned error code 5.
2024-10-05 13:11:56,609 [ERROR] LogOutputStream:75 - [STDERR_REDIRECT] 
2024-10-05 13:11:57,023 [INFO] MainUpdater:2873 - connection check result : 10
2024-10-05 13:11:57,024 [INFO] MainUpdater:3567 - Updater definition file requires update
2024-10-05 13:11:57,024 [INFO] MainUpdater:290 - Updater Check For Update Now.
2024-10-05 13:11:57,024 [INFO] MicroXplorer:498 - Change Database Version : DB.6.0.121
2024-10-05 13:11:57,038 [INFO] McuFinderGlobals:63 - Set McuFinder mode to 2 (CubeIDE integrated)
2024-10-05 13:11:57,042 [INFO] UserAuth:417 - Internet connection configuration mode: 1
2024-10-05 13:11:57,062 [INFO] JxBrowserEngine:152 - Initiate JxBrowser Engine with user profile folder
2024-10-05 13:11:57,182 [INFO] ServerAccessManage:473 - Download File updaters.zip
2024-10-05 13:11:58,233 [INFO] FileExtend:240 - Unzip File : updaters.zip
2024-10-05 13:11:58,233 [INFO] FileExtend:255 - Standard Zip Deflate
2024-10-05 13:11:58,702 [WARN] MainUpdater:1194 - Updater busy. Cannot search thirdparties
2024-10-05 13:11:58,702 [INFO] ThirdPartyUpdaterWithRetryManager:96 - Updater plugin is busy. [1/15]
2024-10-05 13:11:58,739 [INFO] ServerAccessManage:473 - Download File PacksControlFlags.xml
2024-10-05 13:11:58,941 [INFO] ServerAccessManage:473 - Download File cubemx.pidx
2024-10-05 13:11:59,470 [INFO] ServerAccessManage:473 - Download File STMicroelectronics.X-CUBE-AI.pdsc
2024-10-05 13:12:00,298 [INFO] WebApp:167 - Instantiating new browser for Auth
2024-10-05 13:12:01,385 [INFO] ServerAccessManage:473 - Download File STMicroelectronics.X-CUBE-IPS.pdsc
2024-10-05 13:12:01,399 [INFO] WebApp:448 - Apply proxy settings
2024-10-05 13:12:01,401 [INFO] WebApp:533 - Chromium requires no authentication
2024-10-05 13:12:01,411 [INFO] WebApp:476 - Direct internet connection detected
2024-10-05 13:12:01,449 [INFO] WebApp:869 - Register for checkConnection events
2024-10-05 13:12:01,450 [INFO] WebApp:448 - Apply proxy settings
2024-10-05 13:12:01,450 [INFO] WebApp:533 - Chromium requires no authentication
2024-10-05 13:12:01,453 [INFO] WebApp:476 - Direct internet connection detected
2024-10-05 13:12:01,645 [INFO] WebApp:220 - Starting web application
2024-10-05 13:12:01,645 [INFO] WebApp:578 - Web application path used D:\App\ST\STM32CubeIDE_1.16.0\STM32CubeIDE\plugins\com.st.stm32cube.common.mx_6.12.1.202409122256\db\plugins\mcufinder\reactClient1\index.html
2024-10-05 13:12:01,703 [WARN] MainUpdater:1194 - Updater busy. Cannot search thirdparties
2024-10-05 13:12:01,703 [INFO] ThirdPartyUpdaterWithRetryManager:96 - Updater plugin is busy. [2/15]
2024-10-05 13:12:01,857 [INFO] UserAuth:417 - Internet connection configuration mode: 1
2024-10-05 13:12:02,069 [INFO] WebApp:186 - Connection restablished
2024-10-05 13:12:03,835 [INFO] ServerAccessManage:473 - Download File STMicroelectronics.X-CUBE-WB05N.pdsc
2024-10-05 13:12:04,568 [WARN] PackLoader:240 - Cannot read IP mode file for STMicroelectronics.X-CUBE-AI.9.1.0
2024-10-05 13:12:04,600 [WARN] PackLoader:240 - Cannot read IP mode file for STMicroelectronics.X-CUBE-IPS.3.0.0
2024-10-05 13:12:04,622 [WARN] PackLoader:240 - Cannot read IP mode file for STMicroelectronics.X-CUBE-WB05N.1.1.0
2024-10-05 13:12:04,623 [INFO] PopulateThirdPartyThread:66 - Ending populate Thread
2024-10-05 13:12:04,624 [INFO] ThirdParty:1030 - CMSIS Pack Vendor :STMicroelectronics X-CUBE-IPS 3.0.0
2024-10-05 13:12:04,624 [INFO] ThirdParty:1030 - CMSIS Pack Vendor :STMicroelectronics X-CUBE-AI 9.1.0
2024-10-05 13:12:04,624 [INFO] ThirdParty:1030 - CMSIS Pack Vendor :STMicroelectronics X-CUBE-WB05N 1.1.0
2024-10-05 13:12:04,624 [INFO] LoadServerUpdatesThread:375 - End of LoadServerUpdate Thread
2024-10-05 13:12:04,703 [INFO] CheckServerUpdateThread:120 - End of CheckServer Thread
2024-10-05 13:12:04,869 [WARN] PackLoader:240 - Cannot read IP mode file for STMicroelectronics.FP-SNS-MOTENVWB1.1.4.0
2024-10-05 13:12:04,890 [WARN] PackLoader:240 - Cannot read IP mode file for STMicroelectronics.X-CUBE-SMBUS.2.1.0
2024-10-05 13:12:04,897 [WARN] PackLoader:240 - Cannot read IP mode file for STMicroelectronics.X-CUBE-WB05N.1.1.0
2024-10-05 13:12:04,931 [WARN] PackLoader:240 - Cannot read IP mode file for STMicroelectronics.X-CUBE-AZRTOS-F7.1.1.0
2024-10-05 13:12:04,979 [WARN] PackLoader:240 - Cannot read IP mode file for STMicroelectronics.X-CUBE-MEMS1.11.0.0
2024-10-05 13:12:05,118 [WARN] PackLoader:240 - Cannot read IP mode file for STMicroelectronics.FP-SNS-FLIGHT1.5.0.2
2024-10-05 13:12:05,141 [WARN] PackLoader:240 - Cannot read IP mode file for STMicroelectronics.X-CUBE-DISPLAY.3.0.0
2024-10-05 13:12:05,165 [WARN] PackLoader:240 - Cannot read IP mode file for STMicroelectronics.X-CUBE-BLE1.7.0.0
2024-10-05 13:12:05,191 [WARN] PackLoader:240 - Cannot read IP mode file for STMicroelectronics.X-CUBE-NFC10.1.0.0
2024-10-05 13:12:05,214 [WARN] PackLoader:240 - Cannot read IP mode file for emotas.I-CUBE-CANOPEN.1.3.0
2024-10-05 13:12:05,236 [WARN] PackLoader:240 - Cannot read IP mode file for STMicroelectronics.X-CUBE-BLEMGR.3.1.0
2024-10-05 13:12:05,256 [WARN] PackLoader:240 - Cannot read IP mode file for STMicroelectronics.FP-SNS-SMARTAG2.1.2.0
2024-10-05 13:12:05,282 [INFO] LogOutputStream:77 - [STDOUT_REDIRECT] 1 : Invalid condition id : UX_CORESTACK_Condition cause : null
2024-10-05 13:12:05,283 [INFO] LogOutputStream:77 - [STDOUT_REDIRECT] 1 : Invalid condition id : UX_CORESTACK_Condition cause : null
2024-10-05 13:12:05,287 [INFO] LogOutputStream:77 - [STDOUT_REDIRECT] 1 : Invalid condition id : UX_CORESTACK_Condition cause : null
2024-10-05 13:12:05,288 [INFO] LogOutputStream:77 - [STDOUT_REDIRECT] 1 : Invalid condition id : UX_CORESTACK_Condition cause : null
2024-10-05 13:12:05,289 [INFO] LogOutputStream:77 - [STDOUT_REDIRECT] 1 : Invalid condition id : UX_CORESTACK_Condition cause : null
2024-10-05 13:12:05,292 [WARN] PackLoader:240 - Cannot read IP mode file for STMicroelectronics.X-CUBE-AZRTOS-WL.2.0.0
2024-10-05 13:12:05,317 [WARN] PackLoader:240 - Cannot read IP mode file for STMicroelectronics.FP-SNS-MOTENV1.5.0.0
2024-10-05 13:12:05,324 [WARN] PackLoader:240 - Cannot read IP mode file for wolfSSL.I-CUBE-wolfMQTT.1.19.0
2024-10-05 13:12:05,347 [WARN] PackLoader:240 - Cannot read IP mode file for WES.I-CUBE-Cesium.1.3.0
2024-10-05 13:12:05,366 [WARN] PackLoader:240 - Cannot read IP mode file for STMicroelectronics.X-CUBE-BLE2.3.3.0
2024-10-05 13:12:05,385 [WARN] PackLoader:240 - Cannot read IP mode file for STMicroelectronics.X-CUBE-NFC9.1.0.0
2024-10-05 13:12:05,405 [WARN] PackLoader:240 - Cannot read IP mode file for STMicroelectronics.X-CUBE-TCPP.4.1.0
2024-10-05 13:12:05,438 [WARN] PackLoader:240 - Cannot read IP mode file for STMicroelectronics.X-CUBE-AZRTOS-G0.1.1.0
2024-10-05 13:12:05,461 [WARN] PackLoader:240 - Cannot read IP mode file for STMicroelectronics.X-CUBE-SAFEA1.1.2.2
2024-10-05 13:12:05,479 [WARN] PackLoader:240 - Cannot read IP mode file for STMicroelectronics.X-CUBE-NFC4.3.0.0
2024-10-05 13:12:05,500 [WARN] PackLoader:240 - Cannot read IP mode file for EmbeddedOffice.I-CUBE-FS-RTOS.1.0.1
2024-10-05 13:12:05,501 [ERROR] ConditionMgr:805 - Attr not supported : Dmpu
2024-10-05 13:12:05,501 [ERROR] ConditionMgr:805 - Attr not supported : Dmpu
2024-10-05 13:12:05,501 [ERROR] ConditionMgr:805 - Attr not supported : Dmpu
2024-10-05 13:12:05,501 [ERROR] ConditionMgr:805 - Attr not supported : Dmpu
2024-10-05 13:12:05,501 [ERROR] ConditionMgr:805 - Attr not supported : Dmpu
2024-10-05 13:12:05,501 [ERROR] ConditionMgr:805 - Attr not supported : Dmpu
2024-10-05 13:12:05,501 [ERROR] ConditionMgr:805 - Attr not supported : Dmpu
2024-10-05 13:12:05,501 [ERROR] ConditionMgr:805 - Attr not supported : Dmpu
2024-10-05 13:12:05,501 [ERROR] ConditionMgr:805 - Attr not supported : Dmpu
2024-10-05 13:12:05,501 [ERROR] ConditionMgr:805 - Attr not supported : Dmpu
2024-10-05 13:12:05,501 [ERROR] ConditionMgr:805 - Attr not supported : Dmpu
2024-10-05 13:12:05,501 [ERROR] ConditionMgr:805 - Attr not supported : Dmpu
2024-10-05 13:12:05,501 [ERROR] ConditionMgr:805 - Attr not supported : Dmpu
2024-10-05 13:12:05,501 [ERROR] ConditionMgr:805 - Attr not supported : Dmpu
2024-10-05 13:12:05,501 [ERROR] ConditionMgr:805 - Attr not supported : Dmpu
2024-10-05 13:12:05,501 [ERROR] ConditionMgr:805 - Attr not supported : Dmpu
2024-10-05 13:12:05,502 [ERROR] ConditionMgr:805 - Attr not supported : Dmpu
2024-10-05 13:12:05,502 [ERROR] ConditionMgr:805 - Attr not supported : Dmpu
2024-10-05 13:12:05,502 [ERROR] ConditionMgr:805 - Attr not supported : Dmpu
2024-10-05 13:12:05,502 [ERROR] ConditionMgr:805 - Attr not supported : Dmpu
2024-10-05 13:12:05,502 [ERROR] ConditionMgr:805 - Attr not supported : Dmpu
2024-10-05 13:12:05,502 [ERROR] ConditionMgr:805 - Attr not supported : Dmpu
2024-10-05 13:12:05,502 [ERROR] ConditionMgr:805 - Attr not supported : Dmpu
2024-10-05 13:12:05,502 [ERROR] ConditionMgr:805 - Attr not supported : Dmpu
2024-10-05 13:12:05,502 [ERROR] ConditionMgr:805 - Attr not supported : Dmpu
2024-10-05 13:12:05,502 [ERROR] ConditionMgr:805 - Attr not supported : Dmpu
2024-10-05 13:12:05,502 [ERROR] ConditionMgr:805 - Attr not supported : Dmpu
2024-10-05 13:12:05,502 [ERROR] ConditionMgr:805 - Attr not supported : Dmpu
2024-10-05 13:12:05,502 [ERROR] ConditionMgr:805 - Attr not supported : Dmpu
2024-10-05 13:12:05,502 [ERROR] ConditionMgr:805 - Attr not supported : Dmpu
2024-10-05 13:12:05,502 [ERROR] ConditionMgr:805 - Attr not supported : Dmpu
2024-10-05 13:12:05,502 [ERROR] ConditionMgr:805 - Attr not supported : Dmpu
2024-10-05 13:12:05,502 [ERROR] ConditionMgr:805 - Attr not supported : Dmpu
2024-10-05 13:12:05,502 [ERROR] ConditionMgr:805 - Attr not supported : Dmpu
2024-10-05 13:12:05,502 [ERROR] ConditionMgr:805 - Attr not supported : Dmpu
2024-10-05 13:12:05,502 [ERROR] ConditionMgr:805 - Attr not supported : Dmpu
2024-10-05 13:12:05,502 [ERROR] ConditionMgr:805 - Attr not supported : Dmpu
2024-10-05 13:12:05,502 [ERROR] ConditionMgr:805 - Attr not supported : Dmpu
2024-10-05 13:12:05,502 [ERROR] ConditionMgr:805 - Attr not supported : Dmpu
2024-10-05 13:12:05,502 [ERROR] ConditionMgr:805 - Attr not supported : Dmpu
2024-10-05 13:12:05,502 [ERROR] ConditionMgr:805 - Attr not supported : Dmpu
2024-10-05 13:12:05,502 [ERROR] ConditionMgr:805 - Attr not supported : Dmpu
2024-10-05 13:12:05,502 [ERROR] ConditionMgr:805 - Attr not supported : Dmpu
2024-10-05 13:12:05,502 [ERROR] ConditionMgr:805 - Attr not supported : Dmpu
2024-10-05 13:12:05,502 [ERROR] ConditionMgr:805 - Attr not supported : Dmpu
2024-10-05 13:12:05,503 [ERROR] ConditionMgr:805 - Attr not supported : Dmpu
2024-10-05 13:12:05,503 [ERROR] ConditionMgr:805 - Attr not supported : Dmpu
2024-10-05 13:12:05,503 [ERROR] ConditionMgr:805 - Attr not supported : Dmpu
2024-10-05 13:12:05,503 [ERROR] ConditionMgr:805 - Attr not supported : Dmpu
2024-10-05 13:12:05,503 [ERROR] ConditionMgr:805 - Attr not supported : Dmpu
2024-10-05 13:12:05,503 [ERROR] ConditionMgr:805 - Attr not supported : Dmpu
2024-10-05 13:12:05,503 [ERROR] ConditionMgr:805 - Attr not supported : Dmpu
2024-10-05 13:12:05,503 [ERROR] ConditionMgr:805 - Attr not supported : Dmpu
2024-10-05 13:12:05,503 [ERROR] ConditionMgr:805 - Attr not supported : Dmpu
2024-10-05 13:12:05,503 [ERROR] ConditionMgr:805 - Attr not supported : Dmpu
2024-10-05 13:12:05,503 [ERROR] ConditionMgr:805 - Attr not supported : Dmpu
2024-10-05 13:12:05,503 [ERROR] ConditionMgr:805 - Attr not supported : Dmpu
2024-10-05 13:12:05,503 [ERROR] ConditionMgr:805 - Attr not supported : Dmpu
2024-10-05 13:12:05,503 [ERROR] ConditionMgr:805 - Attr not supported : Dmpu
2024-10-05 13:12:05,503 [ERROR] ConditionMgr:805 - Attr not supported : Dmpu
2024-10-05 13:12:05,503 [ERROR] ConditionMgr:805 - Attr not supported : Dmpu
2024-10-05 13:12:05,503 [ERROR] ConditionMgr:805 - Attr not supported : Dmpu
2024-10-05 13:12:05,503 [ERROR] ConditionMgr:805 - Attr not supported : Dmpu
2024-10-05 13:12:05,503 [ERROR] ConditionMgr:805 - Attr not supported : Dmpu
2024-10-05 13:12:05,523 [WARN] PackLoader:240 - Cannot read IP mode file for RealThread.X-CUBE-RT-Thread_Nano.4.1.1
2024-10-05 13:12:05,543 [WARN] PackLoader:240 - Cannot read IP mode file for wolfSSL.I-CUBE-wolfSSL.5.7.0
2024-10-05 13:12:05,549 [WARN] PackLoader:240 - Cannot read IP mode file for STMicroelectronics.FP-ATR-SIGFOX1.3.2.0
2024-10-05 13:12:05,568 [WARN] PackLoader:240 - Cannot read IP mode file for STMicroelectronics.X-CUBE-EEPRMA1.5.1.0
2024-10-05 13:12:05,617 [WARN] PackLoader:240 - Cannot read IP mode file for ITTIA_DB.I-CUBE-ITTIADB.8.9.0
2024-10-05 13:12:05,663 [WARN] PackLoader:240 - Cannot read IP mode file for SEGGER.I-CUBE-embOS.1.3.1
2024-10-05 13:12:05,697 [WARN] PackLoader:240 - Cannot read IP mode file for STMicroelectronics.X-CUBE-ALGOBUILD.1.4.0
2024-10-05 13:12:05,701 [WARN] PackLoader:240 - Cannot read IP mode file for STMicroelectronics.X-CUBE-AI.9.1.0
2024-10-05 13:12:05,721 [WARN] PackLoader:240 - Cannot read IP mode file for STMicroelectronics.X-CUBE-GNSS1.6.0.0
2024-10-05 13:12:05,753 [WARN] PackLoader:240 - Cannot read IP mode file for STMicroelectronics.X-CUBE-AZRTOS-F4.1.1.0
2024-10-05 13:12:05,775 [WARN] PackLoader:240 - Cannot read IP mode file for STMicroelectronics.X-CUBE-ISPU.2.1.0
2024-10-05 13:12:05,793 [WARN] PackLoader:240 - Cannot read IP mode file for STMicroelectronics.X-CUBE-FREERTOS.1.2.0
2024-10-05 13:12:05,823 [WARN] PackLoader:240 - Cannot read IP mode file for STMicroelectronics.X-CUBE-AZRTOS-L5.2.0.0
2024-10-05 13:12:05,844 [WARN] PackLoader:240 - Cannot read IP mode file for STMicroelectronics.X-CUBE-NFC6.3.1.0
2024-10-05 13:12:05,866 [WARN] PackLoader:240 - Cannot read IP mode file for STMicroelectronics.X-CUBE-DPower.1.2.0
2024-10-05 13:12:05,884 [WARN] PackLoader:240 - Cannot read IP mode file for STMicroelectronics.X-CUBE-AI.9.0.0
2024-10-05 13:12:05,903 [WARN] PackLoader:240 - Cannot read IP mode file for STMicroelectronics.X-CUBE-NFC7.1.0.1
2024-10-05 13:12:05,909 [WARN] PackLoader:240 - Cannot read IP mode file for wolfSSL.I-CUBE-wolfTPM.3.2.0
2024-10-05 13:12:05,937 [WARN] ConditionMgr:438 - getConditionDescription Invalid condition id : LAN8742 Phy interface Condition cause : null
2024-10-05 13:12:05,939 [WARN] PackLoader:240 - Cannot read IP mode file for STMicroelectronics.X-CUBE-AZRTOS-L4.2.0.0
2024-10-05 13:12:05,941 [WARN] ConditionMgr:1039 - genDependencies : Invalid condition id : LAN8742 Phy interface Condition cause : null
2024-10-05 13:12:05,941 [WARN] ConditionMgr:1039 - genDependencies : Invalid condition id : LAN8742 Phy interface Condition cause : null
2024-10-05 13:12:05,942 [WARN] ConditionMgr:1039 - genDependencies : Invalid condition id : LAN8742 Phy interface Condition cause : null
2024-10-05 13:12:05,962 [WARN] PackLoader:240 - Cannot read IP mode file for STMicroelectronics.X-CUBE-SFXS2LP1.4.0.0
2024-10-05 13:12:05,998 [WARN] PackLoader:240 - Cannot read IP mode file for STMicroelectronics.X-CUBE-AZRTOS-H7.3.3.0
2024-10-05 13:12:06,009 [WARN] PackLoader:240 - Cannot read IP mode file for STMicroelectronics.X-CUBE-IPS.3.0.0
2024-10-05 13:12:06,037 [WARN] ConditionMgr:438 - getConditionDescription Invalid condition id : UX DEVICE CLASS RTOS Condition cause : null
2024-10-05 13:12:06,037 [WARN] ConditionMgr:438 - getConditionDescription Invalid condition id : UX DEVICE CLASS RTOS Condition cause : null
2024-10-05 13:12:06,039 [WARN] PackLoader:240 - Cannot read IP mode file for STMicroelectronics.X-CUBE-AZRTOS-WB.2.0.0
2024-10-05 13:12:06,039 [WARN] ConditionMgr:1039 - genDependencies : Invalid condition id : UX DEVICE CLASS RTOS Condition cause : null
2024-10-05 13:12:06,040 [WARN] ConditionMgr:1039 - genDependencies : Invalid condition id : UX DEVICE CLASS RTOS Condition cause : null
2024-10-05 13:12:06,040 [WARN] ConditionMgr:1039 - genDependencies : Invalid condition id : UX DEVICE CLASS RTOS Condition cause : null
2024-10-05 13:12:06,040 [WARN] ConditionMgr:1039 - genDependencies : Invalid condition id : UX DEVICE CLASS RTOS Condition cause : null
2024-10-05 13:12:06,040 [WARN] ConditionMgr:1039 - genDependencies : Invalid condition id : UX DEVICE CLASS RTOS Condition cause : null
2024-10-05 13:12:06,065 [WARN] PackLoader:240 - Cannot read IP mode file for STMicroelectronics.X-CUBE-GNSS1.7.0.0
2024-10-05 13:12:06,086 [WARN] PackLoader:240 - Cannot read IP mode file for STMicroelectronics.FP-SNS-STBOX1.2.0.0
2024-10-05 13:12:06,106 [WARN] PackLoader:240 - Cannot read IP mode file for STMicroelectronics.X-CUBE-SUBG2.5.0.0
2024-10-05 13:12:06,115 [WARN] PackLoader:240 - Cannot read IP mode file for Cesanta.I-CUBE-Mongoose.7.13.0
2024-10-05 13:12:06,141 [WARN] PackLoader:240 - Cannot read IP mode file for STMicroelectronics.X-CUBE-AZRTOS-G4.2.0.0
2024-10-05 13:12:06,162 [WARN] PackLoader:240 - Cannot read IP mode file for STMicroelectronics.X-CUBE-ISPU.2.0.0
2024-10-05 13:12:06,180 [WARN] PackLoader:240 - Cannot read IP mode file for STMicroelectronics.X-CUBE-ALS.1.0.2
2024-10-05 13:12:06,215 [WARN] PackLoader:240 - Cannot read IP mode file for STMicroelectronics.X-CUBE-MEMS1.10.0.0
2024-10-05 13:12:06,277 [WARN] PackLoader:240 - Cannot read IP mode file for STMicroelectronics.X-CUBE-TOUCHGFX.4.24.0
2024-10-05 13:12:06,292 [WARN] PackLoader:240 - Cannot read IP mode file for STMicroelectronics.X-CUBE-TOUCHGFX.4.24.1
2024-10-05 13:12:06,310 [WARN] PackLoader:240 - Cannot read IP mode file for portGmbH.I-Cube-SoM-uGOAL.1.1.0
2024-10-05 13:12:06,340 [WARN] PackLoader:240 - Cannot read IP mode file for STMicroelectronics.X-CUBE-AZRTOS-H7RS.1.0.0
2024-10-05 13:12:06,358 [WARN] PackLoader:240 - Cannot read IP mode file for STMicroelectronics.FP-ATR-ASTRA1.2.0.0
2024-10-05 13:12:06,386 [WARN] PackLoader:240 - Cannot read IP mode file for STMicroelectronics.X-CUBE-TOF1.3.4.2
2024-10-05 13:12:06,415 [WARN] PackLoader:240 - Cannot read IP mode file for STMicroelectronics.X-CUBE-TOF1.3.4.1
2024-10-05 13:12:06,448 [WARN] PackLoader:240 - Cannot read IP mode file for STMicroelectronics.X-CUBE-AZRTOS-H7.3.2.0
2024-10-05 13:12:06,470 [WARN] PackLoader:240 - Cannot read IP mode file for Infineon.AIROC-Wi-Fi-Bluetooth-STM32.1.6.0
2024-10-05 13:12:06,478 [WARN] PackLoader:240 - Cannot read IP mode file for wolfSSL.I-CUBE-wolfSSH.1.4.17
2024-10-05 13:12:06,478 [INFO] ThirdParty:978 - Integrity check success = true
2024-10-05 13:12:06,478 [INFO] IntegrityCheckThread:100 - exiting critical section [integrity check]
2024-10-05 13:12:06,478 [INFO] IntegrityCheckThread:103 - End integrity checks thread
2024-10-05 13:13:39,262 [ERROR] LogOutputStream:75 - [STDERR_REDIRECT] 
2024-10-05 13:13:39,263 [ERROR] LogOutputStream:75 - [STDERR_REDIRECT] 
